build/app/outputs/mapping/release/seeds.txt
io.flutter.embedding.engine.FlutterJNI: void nativeInvokePlatformMessageResponseCallback(long,int,java.nio.ByteBuffer,int)
io.flutter.embedding.engine.FlutterJNI: void nativeDestroy(long)
io.flutter.embedding.engine.systemchannels.PlatformChannel$Brightness: io.flutter.embedding.engine.systemchannels.PlatformChannel$Brightness valueOf(java.lang.String)
io.flutter.view.AccessibilityViewEmbedder: boolean performAction(int,int,android.os.Bundle)
io.flutter.plugin.platform.SingleViewPresentation: io.flutter.plugin.platform.PlatformViewFactory viewFactory
io.flutter.embedding.engine.FlutterJNI: void nativeRunBundleAndSnapshotFromLibrary(long,java.lang.String,java.lang.String,java.lang.String,android.content.res.AssetManager)
io.flutter.plugin.editing.ImeSyncDeferringInsetsCallback: int access$500(io.flutter.plugin.editing.ImeSyncDeferringInsetsCallback)
io.flutter.embedding.engine.FlutterJNI: void onSurfaceWindowChanged(android.view.Surface)
io.flutter.embedding.engine.mutatorsstack.FlutterMutatorsStack: void pushTransform(float[])
io.flutter.plugin.editing.ImeSyncDeferringInsetsCallback: android.view.WindowInsets access$400(io.flutter.plugin.editing.ImeSyncDeferringInsetsCallback)
io.flutter.plugin.editing.ImeSyncDeferringInsetsCallback: android.view.View view
io.flutter.view.AccessibilityViewEmbedder: android.view.View platformViewOfNode(int)
org.xmlpull.v1.XmlPullParser: java.lang.String getNamespacePrefix(int)
io.flutter.embedding.engine.FlutterJNI: void nativeInvokePlatformMessageEmptyResponseCallback(long,int)
androidx.core.app.RemoteActionCompatParcelizer: void write(androidx.core.app.RemoteActionCompat,androidx.versionedparcelable.VersionedParcel)
androidx.activity.ComponentActivity$2
org.xmlpull.v1.XmlPullParser: java.lang.String FEATURE_REPORT_NAMESPACE_ATTRIBUTES
io.flutter.embedding.engine.FlutterJNI: void dispatchSemanticsAction(int,io.flutter.view.AccessibilityBridge$Action)
io.flutter.view.AccessibilityViewEmbedder: int nextFlutterId
io.flutter.view.AccessibilityViewEmbedder: void cacheVirtualIdMappings(android.view.View,int,int)
io.flutter.embedding.engine.FlutterJNI: void registerTexture(long,io.flutter.embedding.engine.renderer.SurfaceTextureWrapper)
io.flutter.embedding.engine.FlutterJNI: void invokePlatformMessageResponseCallback(int,java.nio.ByteBuffer,int)
io.flutter.embedding.engine.FlutterJNI: void addEngineLifecycleListener(io.flutter.embedding.engine.FlutterEngine$EngineLifecycleListener)
io.flutter.embedding.android.FlutterSplashView$SavedState: void writeToParcel(android.os.Parcel,int)
androidx.versionedparcelable.CustomVersionedParcelable: CustomVersionedParcelable()
androidx.lifecycle.Lifecycle$Event: androidx.lifecycle.Lifecycle$Event ON_CREATE
io.flutter.embedding.engine.renderer.SurfaceTextureWrapper: void attachToGLContext(int)
io.flutter.embedding.android.TransparencyMode: io.flutter.embedding.android.TransparencyMode[] values()
io.flutter.embedding.engine.mutatorsstack.FlutterMutatorsStack
io.flutter.embedding.engine.mutatorsstack.FlutterMutatorsStack: java.util.List mutators
io.flutter.embedding.engine.FlutterJNI: void onRenderingStopped()
androidx.lifecycle.SingleGeneratedAdapterObserver
io.flutter.embedding.engine.FlutterJNI: void nativeSurfaceCreated(long,android.view.Surface)
io.flutter.view.AccessibilityViewEmbedder: android.view.accessibility.AccessibilityNodeInfo getRootNode(android.view.View,int,android.graphics.Rect)
io.flutter.embedding.engine.FlutterJNI
io.flutter.embedding.engine.FlutterJNI: void setAsyncWaitForVsyncDelegate(io.flutter.embedding.engine.FlutterJNI$AsyncWaitForVsyncDelegate)
androidx.lifecycle.Lifecycle$State: androidx.lifecycle.Lifecycle$State[] values()
io.flutter.plugin.editing.ImeSyncDeferringInsetsCallback: boolean access$202(io.flutter.plugin.editing.ImeSyncDeferringInsetsCallback,boolean)
io.flutter.embedding.engine.FlutterJNI: java.lang.String getObservatoryUri()
androidx.lifecycle.Lifecycle$Event: androidx.lifecycle.Lifecycle$Event valueOf(java.lang.String)