build/app/outputs/mapping/release/mapping.txt
# compiler: R8
# compiler_version: 2.1.62
# min_api: 16
# pg_map_id: b486a81
# common_typos_disable
...
io.flutter.plugin.localization.LocalizationPlugin -> d.a.c.b.a:
    android.content.Context context -> b
    io.flutter.embedding.engine.systemchannels.LocalizationChannel localizationChannel -> a
    java.util.Locale resolveNativeLocale(java.util.List) -> a
    void sendLocalesToFlutter(android.content.res.Configuration) -> b
io.flutter.plugin.mouse.MouseCursorPlugin -> d.a.c.c.a:
    io.flutter.plugin.mouse.MouseCursorPlugin$MouseCursorViewDelegate mView -> a
    io.flutter.embedding.engine.systemchannels.MouseCursorChannel mouseCursorChannel -> b
    java.util.HashMap systemCursorConstants -> c
    android.view.PointerIcon access$000(io.flutter.plugin.mouse.MouseCursorPlugin,java.lang.String) -> a
    io.flutter.plugin.mouse.MouseCursorPlugin$MouseCursorViewDelegate access$100(io.flutter.plugin.mouse.MouseCursorPlugin) -> b
    void destroy() -> c
    android.view.PointerIcon resolveSystemCursor(java.lang.String) -> d
io.flutter.plugin.mouse.MouseCursorPlugin$1 -> d.a.c.c.a$a:
    io.flutter.plugin.mouse.MouseCursorPlugin this$0 -> a
    void activateSystemCursor(java.lang.String) -> a
io.flutter.plugin.mouse.MouseCursorPlugin$2 -> d.a.c.c.a$b:
io.flutter.plugin.mouse.MouseCursorPlugin$MouseCursorViewDelegate -> d.a.c.c.a$c:
    android.view.PointerIcon getSystemPointerIcon(int) -> a
io.flutter.plugin.platform.-$$Lambda$PlatformViewsController$1$e5c3C2OqVHT99mmO_tfarimG9XI -> io.flutter.plugin.platform.a:
    io.flutter.embedding.engine.systemchannels.PlatformViewsChannel$PlatformViewCreationRequest f$1 -> b
    io.flutter.plugin.platform.PlatformViewsController$1 f$0 -> a
io.flutter.plugin.platform.-$$Lambda$PlatformViewsController$dpOZWVu-opd-DQtOc99J0WcfOfE -> io.flutter.plugin.platform.b:
    io.flutter.plugin.platform.PlatformViewsController f$0 -> a
io.flutter.plugin.platform.AccessibilityEventsDelegate -> io.flutter.plugin.platform.c:
    io.flutter.view.AccessibilityBridge accessibilityBridge -> a
    boolean requestSendAccessibilityEvent(android.view.View,android.view.View,android.view.accessibility.AccessibilityEvent) -> a
    void setAccessibilityBridge(io.flutter.view.AccessibilityBridge) -> b
io.flutter.plugin.platform.PlatformPlugin -> io.flutter.plugin.platform.d:
    io.flutter.plugin.platform.PlatformPlugin$PlatformPluginDelegate platformPluginDelegate -> c
    io.flutter.embedding.engine.systemchannels.PlatformChannel$SystemChromeStyle currentTheme -> d
    io.flutter.embedding.engine.systemchannels.PlatformChannel$PlatformMessageHandler mPlatformMessageHandler -> f
    int mEnabledOverlays -> e
    android.app.Activity activity -> a
    io.flutter.embedding.engine.systemchannels.PlatformChannel platformChannel -> b
    void access$000(io.flutter.plugin.platform.PlatformPlugin,io.flutter.embedding.engine.systemchannels.PlatformChannel$SoundType) -> a
    void access$100(io.flutter.plugin.platform.PlatformPlugin,int) -> b
    void access$200(io.flutter.plugin.platform.PlatformPlugin,io.flutter.embedding.engine.systemchannels.PlatformChannel$AppSwitcherDescription) -> c
    void access$300(io.flutter.plugin.platform.PlatformPlugin,java.util.List) -> d
    void access$400(io.flutter.plugin.platform.PlatformPlugin) -> e
    void access$500(io.flutter.plugin.platform.PlatformPlugin,io.flutter.embedding.engine.systemchannels.PlatformChannel$SystemChromeStyle) -> f
    void access$600(io.flutter.plugin.platform.PlatformPlugin) -> g
    java.lang.CharSequence access$700(io.flutter.plugin.platform.PlatformPlugin,io.flutter.embedding.engine.systemchannels.PlatformChannel$ClipboardContentFormat) -> h