build/app/outputs/mapping/release/usage.txt
kotlin.sequences.SequencesKt___SequencesKt$minus$3
org.hamcrest.collection.IsIterableContainingInAnyOrder
androidx.fragment.app.FragmentTabHost$SavedState
androidx.test.espresso.core.internal.deps.aidl.Codecs
androidx.core.app.ActivityRecreator$1
io.flutter.embedding.android.FlutterFragment$1
com.google.common.base.CharMatcher$JavaIsoControl
com.google.common.collect.FilteredKeySetMultimap
com.google.common.io.BaseEncoding$3
androidx.test.espresso.base.RootViewPicker_Factory
androidx.core.content.pm.ShortcutManagerCompat$1
kotlin.text.StringsKt___StringsKt$windowedSequence$1
androidx.core.app.JobIntentService$CompatWorkItem
com.google.common.collect.Iterators$1
junit.framework.Assert
androidx.core.text.TextDirectionHeuristicsCompat
com.google.common.collect.ImmutableMap$MapViewOfValuesAsSingletonSets$1$1
kotlin.collections.State
androidx.annotation.Nullable
androidx.test.espresso.core.internal.deps.guava.base.AbstractIterator$State
kotlin.sequences.TakeSequence
com.google.common.collect.Collections2$TransformedCollection
com.google.common.graph.BaseGraph
androidx.test.espresso.base.LooperIdlingResourceInterrogationHandler
androidx.test.runner.AndroidJUnitRunner$1
androidx.test.espresso.matcher.RootMatchers$IsSystemAlertWindow
androidx.core.content.res.ResourcesCompat$FontCallback
com.google.common.collect.Synchronized$SynchronizedCollection
kotlin.coroutines.experimental.Continuation
kotlin.random.Random$Default
kotlin.concurrent.LocksKt
com.google.common.collect.ImmutableEnumSet
com.google.common.math.LinearTransformation$1
kotlin.collections.ArraysKt__ArraysJVMKt
org.junit.runner.Computer$1
com.google.common.collect.TreeRangeMap$SubRangeMap$SubRangeMapAsMap
com.google.common.collect.Synchronized$SynchronizedSortedSet
kotlin.ULong
org.hamcrest.core.StringContains
androidx.test.espresso.base.UiControllerImpl$2
com.google.common.graph.ImmutableNetwork$3
androidx.test.espresso.base.ViewFinderImpl
kotlin.contracts.Effect
javax.annotation.Detainted
org.intellij.lang.annotations.JdkConstants$TabPlacement
androidx.test.internal.util.AndroidRunnerBuilderUtil
io.flutter.embedding.engine.systemchannels.TextInputChannel:
    private static final java.lang.String TAG
kotlin.jvm.internal.ClassReference
com.google.common.collect.ImmutableSet$Builder
androidx.core.internal.package-info
com.google.common.collect.LinkedListMultimap$ValueForKeyIterator
io.flutter.embedding.android.AndroidTouchProcessor$PointerDeviceKind
androidx.core.widget.AutoScrollHelper$ScrollAnimationRunnable
androidx.test.rule.GrantPermissionRule$RequestPermissionStatement
androidx.test.espresso.remote.RemoteInteraction
androidx.core.view.accessibility.AccessibilityViewCommand$CommandArguments
androidx.annotation.AttrRes
androidx.core.content.pm.ActivityInfoCompat
org.intellij.lang.annotations.MagicConstant
androidx.core.view.GestureDetectorCompat
javax.annotation.MatchesPattern
androidx.core.app.Person
kotlin.text.StringsKt___StringsJvmKt
androidx.fragment.app.FragmentManagerImpl$EndViewTransitionAnimation
com.google.common.util.concurrent.ServiceManager$NoOpService
kotlin.coroutines.experimental.migration.ContinuationInterceptorMigration
com.google.common.collect.ForwardingNavigableMap$StandardDescendingMap$1
kotlin.internal.PlatformImplementationsKt
com.google.common.reflect.Types$ClassOwnership$2
com.google.common.util.concurrent.TrustedListenableFutureTask$TrustedFutureInterruptibleTask
com.google.common.cache.CacheLoader
androidx.annotation.ArrayRes
com.google.common.util.concurrent.Callables$1
androidx.annotation.StyleRes
com.google.common.eventbus.Dispatcher$PerThreadQueuedDispatcher$2
androidx.core.content.MimeTypeFilter
com.google.common.util.concurrent.CycleDetectingLockFactory$Policies
androidx.core.app.NotificationCompat$NotificationVisibility
com.google.common.base.package-info
dev.flutter.plugins.integration_test.FlutterTestRunner
com.google.common.io.BaseEncoding$StandardBaseEncoding$1
com.google.common.collect.MapMakerInternalMap$Values